__ BUILD [tens2html.pl  v1.14] log Thu Jan 15 22:27:06 2009 __

Input file: ../eab/issues/2008/jul2008.txt

Warning: file already exists: ../eab/issues/2008/jul2008.html.
Found +++, heading 1: E-ACCESS BULLETIN
'prev_next' This month: jul | index: 7 | year: 2008
URLs, prev: ../2008/jun2008.html | next: ../2008/aug2008.html
Found ++, heading 2: Issue 103 Contents.
>> FOUND 2:  | 01:  | British Standard for Web Access 'Aimed At Marketers'
>> FOUND 2:  | 02:  | Charity Launches Manifesto for Digital Inclusion
>> FOUND 2:  | 03:  | Disability Body Blasts EU anti-discrimination draft
>> FOUND 2: News in Brief:  | 04:  | Inclusive toolkit - international resource; 05: Social
OK, News in brief
Found: Inclusive toolkit - international resource | ; |  05: Social
>> FOUND 2: Fix - web access tool;  | 06:  | Employer's Erratum - correction from last
Found: Fix - web access tool;  | 06:  | Employer's Erratum - correction from last
>> FOUND 2:  | 07:  | CAPTCHA Continues - anti-spam tools debate; 08: Tag Precision -
>> FOUND 2: web image attributes;  | 09:  | VoiceOver Buddies - Apple advice sought.
Found: VoiceOver Buddies - Apple advice sought | . | 
>> FOUND 2:  | 10:  | Buried Sticks And Mixed Messages: The government has
>> FOUND 2:  | 11:  | Helping Hand For The 'Struggling Seventh': The consultancy
Warning line 52: expected [Contents ends].
$toc_count=12
Found ++, heading 2: Special Notice: Designing for all: an inclusive approach to web,
Found ++, heading 2: Section One: News.
> ITEM 2:  01:  | British Standard for Web Access 'Aimed At Marketers'.
Warning: not found a 'contents' match: British Standard For Web Access 'Aimed At Marketers'.
> ITEM 2:  02:  | Charity Launches Manifesto for Digital Inclusion.
Warning: not found a 'contents' match: Charity Launches Manifesto For Digital Inclusion.
> ITEM 2:  03:  | Disability Body Blasts EU Anti-Discrimination Draft.
Warning: not found a 'contents' match: Disability Body Blasts Eu Anti-Discrimination Draft.
Found ++, heading 2:  News in Brief:
> ITEM 1:  04:  | : |  An online toolkit for producing policies
> ITEM 1:  05:  | : |  A service allowing blind users of screenreaders to
> ITEM 1:  06:  | : |  In our last issue we incorrectly quoted the
Warning 2 (TENS), found non-ASCII character 163 (line 171, 58).
Found ++, heading 2: Sponsored Notice: Fortune Cookie
Use of uninitialized value in concatenation (.) or string at tens2html.pl line 474, <IFILE> line 231.
Found ++, heading 2: Section Two: 'The Inbox'
Use of uninitialized value in concatenation (.) or string at tens2html.pl line 474, <IFILE> line 240.
> ITEM 1:  07:  | : |  Discussion has continued on our E-Access
> ITEM 1:  08:  | : |  James Coltham, Acting Intranet Development
> ITEM 1:  09:  | : |  Reader Estelita Clayton writes in seeking
Found ++, heading 2: Special Notice: Building the Perfect Council Website
Use of uninitialized value in concatenation (.) or string at tens2html.pl line 474, <IFILE> line 328.
Found ++, heading 2: Section Three: News Focus
> ITEM 2:  10:  | Buried Sticks And Mixed Messages
Warning: not found a 'contents' match: Buried Sticks And Mixed MessagesBy Dan Jellinek.
Found ++, heading 2: Section Four: Opinion
> ITEM 2:  11:  | Helping Hand For The 'Struggling Seventh'.
Warning: not found a 'contents' match: Helping Hand For The 'Struggling Seventh'.
Found ++, heading 2: End Notes.
Found 'contents' match: 0.
Use of uninitialized value in concatenation (.) or string at tens2html.pl line 474, <IFILE> line 538.
Use of uninitialized value in concatenation (.) or string at tens2html.pl line 474, <IFILE> line 545.
