__ BUILD [./bulletins.pl  v1.12 ] log Sat Aug  1 22:35:04 2015 __

> This year start: 181
Archive file: ../eab_base/archive.html
Current issue, 187:  July 2015.
Archive for new year: 2015  (reverse chronological).
Warning, cannot read: No such file or directory
  ../eab/issues/2015/jul2015.html.
Warning, cannot read: No such file or directory
  ../eab/issues/2015/jun2015.html.
Parsing TENS, issue 185:  perl -w tens2html.pl ../eab/issues/2015/may2015.txt
Warning, cannot read: No such file or directory
  ../eab/issues/2015/apr2015.html.
Warning, cannot read: No such file or directory
  ../eab/issues/2015/mar2015.html.
Warning, cannot read: No such file or directory
  ../eab/issues/2015/feb2015.html.
Parsing TENS, issue 181:  perl -w tens2html.pl ../eab/issues/2015/jan2015.txt
Archive for new year: 2014.
Warning, cannot read: No such file or directory
  ../eab/issues/2014/dec2014.html.
Parsing TENS, issue 179:  perl -w tens2html.pl ../eab/issues/2014/nov2014.txt
Parsing TENS, issue 178:  perl -w tens2html.pl ../eab/issues/2014/oct2014.txt
Parsing TENS, issue 177:  perl -w tens2html.pl ../eab/issues/2014/sep2014.txt
Warning, cannot read: No such file or directory
  ../eab/issues/2014/aug2014.html.
Parsing TENS, issue 175:  perl -w tens2html.pl ../eab/issues/2014/jul2014.txt
Parsing TENS, issue 174:  perl -w tens2html.pl ../eab/issues/2014/jun2014.txt
Parsing TENS, issue 173:  perl -w tens2html.pl ../eab/issues/2014/may2014.txt
Parsing TENS, issue 172:  perl -w tens2html.pl ../eab/issues/2014/apr2014.txt
Parsing TENS, issue 171:  perl -w tens2html.pl ../eab/issues/2014/mar2014.txt
No longer parsing, issue: 171 ...
Archive for new year: 2013.
Warning, cannot read: No such file or directory
  ../eab/issues/2013/dec2013.html.
Warning, cannot read: No such file or directory
  ../eab/issues/2013/aug2013.html.
Archive for new year: 2012.
Warning, cannot read: No such file or directory
  ../eab/issues/2012/dec2012.html.
Warning, cannot read: No such file or directory
  ../eab/issues/2012/aug2012.html.
Archive for new year: 2011.
Warning, cannot read: No such file or directory
  ../eab/issues/2011/aug2011.html.
Warning, cannot read: No such file or directory
  ../eab/issues/2011/jun2011.html.
Warning, cannot read: No such file or directory
  ../eab/issues/2011/may2011.html.
Warning, cannot read: No such file or directory
  ../eab/issues/2011/apr2011.html.
Archive for new year: 2010.
Archive for new year: 2009.
Archive for new year: 2008.
Archive for new year: 2007.
Archive for new year: 2006.
Archive for new year: 2005.
Archive for new year: 2004.
Archive for new year: 2003.
Archive for new year: 2002.
Archive for new year: 2001.
Archive for new year: 2000.
Completed issue, 1: jan 2000.

__ log Sat Aug  1 21:35:05 2015 __
